{
  "RSpec": {
    "coverage": {
      "/Users/james/turing/mod3/rails-engine/app/models/merchant.rb": {
        "lines": [
          1,
          1,
          1,
          1,
          1,
          1,
          null,
          1,
          null,
          null,
          null,
          null,
          null,
          null,
          null,
          null,
          null,
          null,
          null,
          1,
          null,
          null,
          null,
          null,
          null,
          3,
          null,
          null,
          1,
          null,
          null,
          null,
          null,
          null,
          1,
          null,
          null,
          1,
          null,
          null,
          1,
          null,
          null
        ]
      },
      "/Users/james/turing/mod3/rails-engine/app/models/application_record.rb": {
        "lines": [
          1,
          1,
          null,
          1,
          3,
          3,
          3,
          null,
          null,
          1,
          5,
          null,
          5,
          null,
          null
        ]
      },
      "/Users/james/turing/mod3/rails-engine/app/models/item.rb": {
        "lines": [
          1,
          1,
          1,
          1,
          null,
          1,
          1,
          1,
          null,
          null,
          null,
          null,
          null,
          null,
          null,
          null,
          null,
          1,
          null,
          null,
          null,
          2,
          null,
          null,
          1,
          2,
          2,
          2,
          null,
          null,
          null,
          1,
          2,
          null,
          null
        ]
      },
      "/Users/james/turing/mod3/rails-engine/app/controllers/api/v1/items/merchant_controller.rb": {
        "lines": [
          1,
          null,
          1,
          1,
          1,
          null,
          null,
          null
        ]
      },
      "/Users/james/turing/mod3/rails-engine/app/controllers/application_controller.rb": {
        "lines": [
          1,
          null
        ]
      },
      "/Users/james/turing/mod3/rails-engine/app/serializers/merchant_serializer.rb": {
        "lines": [
          1,
          1,
          1,
          null,
          42,
          42,
          null
        ]
      },
      "/Users/james/turing/mod3/rails-engine/app/controllers/api/v1/items/items_controller.rb": {
        "lines": [
          1,
          null,
          1,
          1,
          1,
          null,
          null,
          1,
          1,
          1,
          1,
          null,
          null,
          null,
          1,
          1,
          null,
          null,
          1,
          2,
          2,
          1,
          null,
          1,
          null,
          null,
          null,
          1,
          1,
          null,
          null,
          1,
          null,
          1,
          3,
          null,
          null
        ]
      },
      "/Users/james/turing/mod3/rails-engine/app/serializers/item_serializer.rb": {
        "lines": [
          1,
          1,
          1,
          null
        ]
      },
      "/Users/james/turing/mod3/rails-engine/app/models/customer.rb": {
        "lines": [
          1,
          1,
          null,
          1,
          1,
          1,
          1,
          1,
          null,
          null
        ]
      },
      "/Users/james/turing/mod3/rails-engine/app/models/invoice.rb": {
        "lines": [
          1,
          1,
          1,
          1,
          1,
          1,
          null,
          1,
          1,
          1,
          null,
          null,
          null,
          null,
          null,
          2,
          null,
          null,
          1,
          2,
          null,
          null,
          null
        ]
      },
      "/Users/james/turing/mod3/rails-engine/app/models/transaction.rb": {
        "lines": [
          1,
          1,
          1,
          null,
          null
        ]
      },
      "/Users/james/turing/mod3/rails-engine/app/models/invoice_item.rb": {
        "lines": [
          1,
          1,
          1,
          1,
          1,
          null,
          null
        ]
      },
      "/Users/james/turing/mod3/rails-engine/app/controllers/api/v1/items/search_controller.rb": {
        "lines": [
          1,
          null,
          1,
          7,
          7,
          7,
          6,
          null,
          1,
          null,
          null,
          null
        ]
      },
      "/Users/james/turing/mod3/rails-engine/app/facades/item_search_facade.rb": {
        "lines": [
          1,
          1,
          null,
          1,
          7,
          1,
          6,
          4,
          2,
          2,
          null,
          null,
          null,
          1,
          4,
          2,
          2,
          2,
          2,
          2,
          null,
          null,
          null,
          1,
          2,
          2,
          2,
          null,
          null,
          null,
          null
        ]
      },
      "/Users/james/turing/mod3/rails-engine/app/controllers/api/v1/merchants/items_controller.rb": {
        "lines": [
          1,
          null,
          1,
          1,
          null,
          null
        ]
      },
      "/Users/james/turing/mod3/rails-engine/app/controllers/api/v1/merchants/search_controller.rb": {
        "lines": [
          1,
          1,
          3,
          3,
          3,
          2,
          null,
          1,
          null,
          null,
          null,
          null
        ]
      },
      "/Users/james/turing/mod3/rails-engine/app/facades/merchant_search_facade.rb": {
        "lines": [
          1,
          1,
          null,
          1,
          5,
          1,
          4,
          2,
          2,
          2,
          null,
          null,
          null,
          1,
          1,
          1,
          null,
          null,
          null,
          1,
          2,
          2,
          null,
          null,
          null,
          1,
          2,
          1,
          null,
          null,
          null,
          null
        ]
      },
      "/Users/james/turing/mod3/rails-engine/app/controllers/api/v1/merchants/most_items_controller.rb": {
        "lines": [
          1,
          1,
          2,
          2,
          2,
          1,
          null,
          1,
          null,
          null,
          null,
          null
        ]
      },
      "/Users/james/turing/mod3/rails-engine/app/controllers/api/v1/merchants/merchants_controller.rb": {
        "lines": [
          1,
          null,
          1,
          2,
          2,
          null,
          null,
          1,
          1,
          null,
          null,
          null
        ]
      },
      "/Users/james/turing/mod3/rails-engine/app/controllers/api/v1/revenue/items_controller.rb": {
        "lines": [
          1,
          null,
          1,
          2,
          2,
          2,
          1,
          null,
          1,
          null,
          null,
          null
        ]
      },
      "/Users/james/turing/mod3/rails-engine/app/facades/revenue_items_facade.rb": {
        "lines": [
          1,
          1,
          1,
          2,
          2,
          null,
          null,
          null
        ]
      },
      "/Users/james/turing/mod3/rails-engine/app/serializers/item_revenue_serializer.rb": {
        "lines": [
          1,
          1,
          1,
          null,
          1,
          3,
          null,
          null
        ]
      },
      "/Users/james/turing/mod3/rails-engine/app/controllers/api/v1/revenue/merchants_controller.rb": {
        "lines": [
          1,
          null,
          1,
          2,
          2,
          1,
          1,
          null,
          1,
          null,
          null,
          null,
          3,
          null,
          2,
          1,
          null,
          1,
          null,
          null,
          null,
          null
        ]
      },
      "/Users/james/turing/mod3/rails-engine/app/facades/revenue_merchants_facade.rb": {
        "lines": [
          1,
          1,
          null,
          1,
          1,
          1,
          1,
          null,
          null,
          null
        ]
      },
      "/Users/james/turing/mod3/rails-engine/app/serializers/merchant_revenue_serializer.rb": {
        "lines": [
          1,
          1,
          1,
          null
        ]
      },
      "/Users/james/turing/mod3/rails-engine/app/controllers/api/v1/revenue/unshipped_controller.rb": {
        "lines": [
          1,
          null,
          3,
          null,
          2,
          2,
          null,
          1,
          null,
          null,
          null
        ]
      },
      "/Users/james/turing/mod3/rails-engine/app/facades/unshipped_facade.rb": {
        "lines": [
          1,
          null,
          1,
          2,
          2,
          null,
          null,
          null
        ]
      },
      "/Users/james/turing/mod3/rails-engine/app/serializers/unshipped_serializer.rb": {
        "lines": [
          1,
          1,
          1,
          null
        ]
      },
      "/Users/james/turing/mod3/rails-engine/app/controllers/api/v1/revenue/weekly_controller.rb": {
        "lines": [
          1,
          null,
          3,
          null,
          2,
          2,
          null,
          1,
          null,
          null,
          null
        ]
      },
      "/Users/james/turing/mod3/rails-engine/app/facades/weekly_facade.rb": {
        "lines": [
          1,
          null,
          1,
          2,
          2,
          null,
          null
        ]
      },
      "/Users/james/turing/mod3/rails-engine/app/serializers/weekly_serializer.rb": {
        "lines": [
          1,
          1,
          1,
          1,
          null,
          1,
          null
        ]
      },
      "/Users/james/turing/mod3/rails-engine/app/controllers/api/v1/revenue_controller.rb": {
        "lines": [
          1,
          null,
          1,
          2,
          1,
          1,
          null,
          1,
          null,
          null,
          null
        ]
      },
      "/Users/james/turing/mod3/rails-engine/app/facades/revenue_facade.rb": {
        "lines": [
          1,
          null,
          1,
          1,
          1,
          1,
          null,
          null
        ]
      }
    },
    "timestamp": 1613590415
  }
}
